#
# There is insufficient memory for the Java Runtime Environment to continue.
# Native memory allocation (mmap) failed to map 264241152 bytes for G1 virtual space
# Possible reasons:
#   The system is out of physical RAM or swap space
#   The process is running with CompressedOops enabled, and the Java Heap may be blocking the growth of the native heap
# Possible solutions:
#   Reduce memory load on the system
#   Increase physical memory or swap space
#   Check if swap backing store is full
#   Decrease Java heap size (-Xmx/-Xms)
#   Decrease number of Java threads
#   Decrease Java thread stack sizes (-Xss)
#   Set larger code cache with -XX:ReservedCodeCacheSize=
#   JVM is running with Zero Based Compressed Oops mode in which the Java heap is
#     placed in the first 32GB address space. The Java Heap base address is the
#     maximum limit for the native heap growth. Please use -XX:HeapBaseMinAddress
#     to set the Java Heap base and to place the Java Heap above 32GB virtual address.
# This output file may be truncated or incomplete.
#
#  Out of Memory Error (os_windows.cpp:3548), pid=3636, tid=32560
#
# JRE version:  (17.0.10+11) (build )
# Java VM: Java HotSpot(TM) 64-Bit Server VM (17.0.10+11-LTS-240, mixed mode, sharing, tiered, compressed oops, compressed class ptrs, g1 gc, windows-amd64)
# No core dump will be written. Minidumps are not enabled by default on client versions of Windows
#

---------------  S U M M A R Y ------------

Command Line: 

Host: 13th Gen Intel(R) Core(TM) i7-1355U, 12 cores, 15G,  Windows 11 , 64 bit Build 26100 (10.0.26100.7309)
Time: Fri Dec 19 23:00:27 2025 SE Asia Standard Time elapsed time: 1.306786 seconds (0d 0h 0m 1s)

---------------  T H R E A D  ---------------

Current thread (0x000001b64fe62390):  JavaThread "Unknown thread" [_thread_in_vm, id=32560, stack(0x00000037ecf00000,0x00000037ed000000)]

Stack: [0x00000037ecf00000,0x00000037ed000000]
Native frames: (J=compiled Java code, j=interpreted, Vv=VM code, C=native code)
V  [jvm.dll+0x677a5a]
V  [jvm.dll+0x7d8b2d]
V  [jvm.dll+0x7da48e]
V  [jvm.dll+0x7daaf3]
V  [jvm.dll+0x2455ff]
V  [jvm.dll+0x6749b9]
V  [jvm.dll+0x669382]
V  [jvm.dll+0x302e96]
V  [jvm.dll+0x30a416]
V  [jvm.dll+0x359cbe]
V  [jvm.dll+0x359eef]
V  [jvm.dll+0x2d9e88]
V  [jvm.dll+0x2dadf4]
V  [jvm.dll+0x7aa551]
V  [jvm.dll+0x367911]
V  [jvm.dll+0x789639]
V  [jvm.dll+0x3eb30f]
V  [jvm.dll+0x3ecd91]
C  [jli.dll+0x5297]
C  [ucrtbase.dll+0x37b0]
C  [KERNEL32.DLL+0x2e8d7]
C  [ntdll.dll+0x8c53c]


---------------  P R O C E S S  ---------------

Threads class SMR info:
_java_thread_list=0x00007ffdfb236a18, length=0, elements={
}

Java Threads: ( => current thread )

Other Threads:
  0x000001b64fecfff0 GCTaskThread "GC Thread#0" [stack: 0x00000037ed000000,0x00000037ed100000] [id=19284]
  0x000001b64fee1970 ConcurrentGCThread "G1 Main Marker" [stack: 0x00000037ed100000,0x00000037ed200000] [id=35004]
  0x000001b64fee2290 ConcurrentGCThread "G1 Conc#0" [stack: 0x00000037ed200000,0x00000037ed300000] [id=2616]

[error occurred during error reporting (printing all threads), id 0xc0000005, EXCEPTION_ACCESS_VIOLATION (0xc0000005) at pc=0x00007ffdfaa6aae7]

VM state: not at safepoint (not fully initialized)

VM Mutex/Monitor currently owned by a thread:  ([mutex/lock_event])
[0x000001b64fe5f780] Heap_lock - owner thread: 0x000001b64fe62390

Heap address: 0x0000000704e00000, size: 4018 MB, Compressed Oops mode: Zero based, Oop shift amount: 3

CDS archive(s) mapped at: [0x0000000000000000-0x0000000000000000-0x0000000000000000), size 0, SharedBaseAddress: 0x0000000800000000, ArchiveRelocationMode: 1.
Narrow klass base: 0x0000000000000000, Narrow klass shift: 0, Narrow klass range: 0x0

GC Precious Log:
<Empty>

Heap:
 garbage-first heap   total 0K, used 0K [0x0000000704e00000, 0x0000000800000000)
  region size 2048K, 0 young (0K), 0 survivors (0K)

[error occurred during error reporting (printing heap information), id 0xc0000005, EXCEPTION_ACCESS_VIOLATION (0xc0000005) at pc=0x00007ffdfae51249]

GC Heap History (0 events):
No events

Deoptimization events (0 events):
No events

Classes unloaded (0 events):
No events

Classes redefined (0 events):
No events

Internal exceptions (0 events):
No events

VM Operations (0 events):
No events

Events (1 events):
Event: 0.014 Loaded shared library C:\Program Files\Java\jdk-17\bin\java.dll


Dynamic libraries:
0x00007ff7e87b0000 - 0x00007ff7e87c0000 	C:\Program Files\Java\jdk-17\bin\java.exe
0x00007ffefa780000 - 0x00007ffefa9e7000 	C:\WINDOWS\SYSTEM32\ntdll.dll
0x00007ffef9300000 - 0x00007ffef93c9000 	C:\WINDOWS\System32\KERNEL32.DLL
0x00007ffef7df0000 - 0x00007ffef81df000 	C:\WINDOWS\System32\KERNELBASE.dll
0x00007ffef7ca0000 - 0x00007ffef7deb000 	C:\WINDOWS\System32\ucrtbase.dll
0x00007ffea8600000 - 0x00007ffea861b000 	C:\Program Files\Java\jdk-17\bin\VCRUNTIME140.dll
0x00007ffead980000 - 0x00007ffead999000 	C:\Program Files\Java\jdk-17\bin\jli.dll
0x00007ffefa290000 - 0x00007ffefa344000 	C:\WINDOWS\System32\ADVAPI32.dll
0x00007ffef8b10000 - 0x00007ffef8bb9000 	C:\WINDOWS\System32\msvcrt.dll
0x00007ffefa660000 - 0x00007ffefa706000 	C:\WINDOWS\System32\sechost.dll
0x00007ffefa4c0000 - 0x00007ffefa5d8000 	C:\WINDOWS\System32\RPCRT4.dll
0x00007ffef9400000 - 0x00007ffef95c5000 	C:\WINDOWS\System32\USER32.dll
0x00007ffef7980000 - 0x00007ffef79a7000 	C:\WINDOWS\System32\win32u.dll
0x00007ffef93d0000 - 0x00007ffef93fb000 	C:\WINDOWS\System32\GDI32.dll
0x00007ffef83f0000 - 0x00007ffef851c000 	C:\WINDOWS\System32\gdi32full.dll
0x00007ffed9c10000 - 0x00007ffed9ea3000 	C:\WINDOWS\WinSxS\amd64_microsoft.windows.common-controls_6595b64144ccf1df_6.0.26100.7309_none_3e05feeae336a044\COMCTL32.dll
0x00007ffef79b0000 - 0x00007ffef7a53000 	C:\WINDOWS\System32\msvcp_win.dll
0x00007ffee25d0000 - 0x00007ffee25db000 	C:\WINDOWS\SYSTEM32\VERSION.dll
0x00007ffef8520000 - 0x00007ffef8551000 	C:\WINDOWS\System32\IMM32.DLL
0x00007ffeb5b40000 - 0x00007ffeb5b4c000 	C:\Program Files\Java\jdk-17\bin\vcruntime140_1.dll
0x00007ffe7fc60000 - 0x00007ffe7fcee000 	C:\Program Files\Java\jdk-17\bin\msvcp140.dll
0x00007ffdfa780000 - 0x00007ffdfb35f000 	C:\Program Files\Java\jdk-17\bin\server\jvm.dll
0x00007ffef89f0000 - 0x00007ffef89f8000 	C:\WINDOWS\System32\PSAPI.DLL
0x00007ffeebdc0000 - 0x00007ffeebdca000 	C:\WINDOWS\SYSTEM32\WSOCK32.dll
0x00007ffef1f50000 - 0x00007ffef1f85000 	C:\WINDOWS\SYSTEM32\WINMM.dll
0x00007ffefa5e0000 - 0x00007ffefa654000 	C:\WINDOWS\System32\WS2_32.dll
0x00007ffef6680000 - 0x00007ffef669b000 	C:\WINDOWS\SYSTEM32\kernel.appcore.dll
0x00007ffeb2100000 - 0x00007ffeb210a000 	C:\Program Files\Java\jdk-17\bin\jimage.dll
0x00007ffef4fd0000 - 0x00007ffef5212000 	C:\WINDOWS\SYSTEM32\DBGHELP.DLL
0x00007ffef8f70000 - 0x00007ffef92f5000 	C:\WINDOWS\System32\combase.dll
0x00007ffef95e0000 - 0x00007ffef96b6000 	C:\WINDOWS\System32\OLEAUT32.dll
0x00007ffef1bb0000 - 0x00007ffef1bec000 	C:\WINDOWS\SYSTEM32\dbgcore.DLL
0x00007ffef78d0000 - 0x00007ffef7975000 	C:\WINDOWS\System32\bcryptPrimitives.dll
0x00007ffe9c370000 - 0x00007ffe9c395000 	C:\Program Files\Java\jdk-17\bin\java.dll

dbghelp: loaded successfully - version: 4.0.5 - missing functions: none
symbol engine: initialized successfully - sym options: 0x614 - pdb path: .;C:\Program Files\Java\jdk-17\bin;C:\WINDOWS\SYSTEM32;C:\WINDOWS\WinSxS\amd64_microsoft.windows.common-controls_6595b64144ccf1df_6.0.26100.7309_none_3e05feeae336a044;C:\Program Files\Java\jdk-17\bin\server

VM Arguments:
java_command: <unknown>
java_class_path (initial): <not set>
Launcher Type: SUN_STANDARD

[Global flags]
     intx CICompilerCount                          = 4                                         {product} {ergonomic}
     uint ConcGCThreads                            = 3                                         {product} {ergonomic}
     uint G1ConcRefinementThreads                  = 10                                        {product} {ergonomic}
   size_t G1HeapRegionSize                         = 2097152                                   {product} {ergonomic}
    uintx GCDrainStackTargetSize                   = 64                                        {product} {ergonomic}
   size_t InitialHeapSize                          = 264241152                                 {product} {ergonomic}
   size_t MarkStackSize                            = 4194304                                   {product} {ergonomic}
   size_t MaxHeapSize                              = 4213178368                                {product} {ergonomic}
   size_t MinHeapDeltaBytes                        = 2097152                                   {product} {ergonomic}
   size_t MinHeapSize                              = 8388608                                   {product} {ergonomic}
    uintx NonNMethodCodeHeapSize                   = 5839372                                {pd product} {ergonomic}
    uintx NonProfiledCodeHeapSize                  = 122909434                              {pd product} {ergonomic}
    uintx ProfiledCodeHeapSize                     = 122909434                              {pd product} {ergonomic}
    uintx ReservedCodeCacheSize                    = 251658240                              {pd product} {ergonomic}
     bool SegmentedCodeCache                       = true                                      {product} {ergonomic}
   size_t SoftMaxHeapSize                          = 4213178368                             {manageable} {ergonomic}
     bool UseCompressedClassPointers               = true                           {product lp64_product} {ergonomic}
     bool UseCompressedOops                        = true                           {product lp64_product} {ergonomic}
     bool UseG1GC                                  = true                                      {product} {ergonomic}
     bool UseLargePagesIndividualAllocation        = false                                  {pd product} {ergonomic}

Logging:
Log output configuration:
 #0: stdout all=warning uptime,level,tags
 #1: stderr all=off uptime,level,tags

Environment Variables:
PATH=C:\src\flutter\bin;C:\Windows\System32;C:\Program Files (x86)\Microsoft SQL Server\160\Tools\Binn\;C:\Program Files\Microsoft SQL Server\160\Tools\Binn\;C:\Program Files\Microsoft SQL Server\Client SDK\ODBC\170\Tools\Binn\;C:\Program Files\Microsoft SQL Server\160\DTS\Binn\;C:\Program Files (x86)\Microsoft SQL Server\160\DTS\Binn\;C:\Program Files\nodejs\;C:\Users\ADMIN\AppData\Local\Programs\Microsoft VS Code\bin;C:\Users\ADMIN\AppData\Roaming\npm;C:\Users\ADMIN\AppData\Local\Pub\Cache\bin;C:\Program Files\dotnet\;C:\WINDOWS\system32;C:\WINDOWS;C:\WINDOWS\System32\Wbem;C:\WINDOWS\System32\WindowsPowerShell\v1.0\;C:\WINDOWS\System32\OpenSSH\;C:\Program Files (x86)\Windows Kits\10\Windows Performance Toolkit\;C:\Program Files\Microsoft SQL Server\150\Tools\Binn\;C:\Program Files\cursor\resources\app\bin;C:\MinGW\bin;C:\Program Files\Docker\Docker\resources\bin;C:\flutter\Git\cmd;C:\Users\ADMIN\AppData\Local\Programs\Python\Python313\Scripts\;C:\Users\ADMIN\AppData\Local\Programs\Python\Python313\;C:\Users\ADMIN\AppData\Local\Programs\Python\Launcher\;D:\flutter_sdk\flutter\bin;C:\Windows\System32;C:\MinGW\bin;C:\Users\ADMIN\AppData\Local\Programs\Microsoft VS Code\bin;C:\Program Files\Java\jdk-17\bin;C:\Users\PutHereYourUsername\AppData\Local\Pub\Cache\bin;C:\Users\ADMIN\AppData\Roaming\npm;C:\Users\ADMIN\AppData\Local\Pub\Cache\bin;C:\Users\ADMIN\AppData\Local\Microsoft\WindowsApps;C:\Users\ADMIN\.dotnet\tools;C:\Users\ADMIN\AppData\Local\GitHubDesktop\bin;D:\flutter_sdk\flutter\bin;D:\cursor\resources\app\bin;C:\MinGW\bin;D:\mingw32\bin;c:\Users\ADMIN\.cursor\extensions\vscjava.vscode-java-debug-0.58.3-universal\bundled\scripts\noConfigScripts
USERNAME=ADMIN
LANG=en_US.UTF-8
OS=Windows_NT
PROCESSOR_IDENTIFIER=Intel64 Family 6 Model 186 Stepping 3, GenuineIntel



---------------  S Y S T E M  ---------------

OS:
 Windows 11 , 64 bit Build 26100 (10.0.26100.7309)
OS uptime: 2 days 6:43 hours
Hyper-V role detected

CPU: total 12 (initial active 12) (6 cores per cpu, 2 threads per core) family 6 model 186 stepping 3 microcode 0x4128, cx8, cmov, fxsr, ht, mmx, 3dnowpref, sse, sse2, sse3, ssse3, sse4.1, sse4.2, popcnt, lzcnt, tsc, tscinvbit, avx, avx2, aes, erms, clmul, bmi1, bmi2, adx, sha, fma, vzeroupper, clflush, clflushopt, clwb, hv

Memory: 4k page, system-wide physical 16068M (759M free)
TotalPageFile size 41068M (AvailPageFile size 105M)
current process WorkingSet (physical memory assigned to process): 12M, peak: 12M
current process commit charge ("private bytes"): 64M, peak: 316M

vm_info: Java HotSpot(TM) 64-Bit Server VM (17.0.10+11-LTS-240) for windows-amd64 JRE (17.0.10+11-LTS-240), built on Dec 19 2023 21:47:25 by "mach5one" with MS VC++ 17.1 (VS2022)

END.
